#-----------------------------------------------------------
# Vivado v2015.2 (64-bit)
# SW Build 1266856 on Fri Jun 26 16:35:25 MDT 2015
# IP Build 1264090 on Wed Jun 24 14:22:01 MDT 2015
# Start of session at: Mon Feb 18 16:21:34 2019
# Process ID: 3324
# Log file: C:/Users/Administrator/MIPS-CPU-TOY/vivado.log
# Journal file: C:/Users/Administrator/MIPS-CPU-TOY\vivado.jou
#-----------------------------------------------------------
start_gui
open_project C:/Users/Administrator/MIPS-CPU-TOY/cpu.xpr
INFO: [Project 1-313] Project file moved from 'F:/Applications/vivado/cpu' since last save.
Scanning sources...
Finished scanning sources
INFO: [Project 1-265] Setting active simulation fileset to 'sim_1'.
INFO: [IP_Flow 19-234] Refreshing IP repositories
INFO: [IP_Flow 19-1704] No user IP repositories specified
INFO: [IP_Flow 19-2313] Loaded Vivado IP repository 'C:/Xilinx/Vivado/2015.2/data/ip'.
open_project: Time (s): cpu = 00:00:06 ; elapsed = 00:00:08 . Memory (MB): peak = 713.574 ; gain = 132.938
file mkdir C:/Users/Administrator/MIPS-CPU-TOY/cpu.srcs/sources_1/new
close [ open C:/Users/Administrator/MIPS-CPU-TOY/cpu.srcs/sources_1/new/mem.v w ]
add_files C:/Users/Administrator/MIPS-CPU-TOY/cpu.srcs/sources_1/new/mem.v
update_compile_order -fileset sources_1
update_compile_order -fileset sim_1
update_compile_order -fileset sources_1
update_compile_order -fileset sim_1
close [ open C:/Users/Administrator/MIPS-CPU-TOY/cpu.srcs/sources_1/new/rom.v w ]
add_files C:/Users/Administrator/MIPS-CPU-TOY/cpu.srcs/sources_1/new/rom.v
update_compile_order -fileset sources_1
exit
INFO: [Common 17-206] Exiting Vivado at Mon Feb 18 16:45:21 2019...
